2026-02-24 11:31:06 | INFO     | utils.logger:setup_logging:58 - Logging initialized
2026-02-24 11:31:06 | INFO     | __main__:create_bot:51 - Starting Telegram PC Controller Bot...
2026-02-24 11:31:06 | ERROR    | __main__:create_bot:93 - Failed to create bot: Passing `parse_mode`, `disable_web_page_preview` or `protect_content` to Bot initializer is not supported anymore. These arguments have been removed in 3.7.0 version. Use `default=DefaultBotProperties(parse_mode='HTML')` argument instead.
2026-02-24 11:32:32 | INFO     | utils.logger:setup_logging:58 - Logging initialized
2026-02-24 11:32:32 | INFO     | __main__:create_bot:53 - Starting Telegram PC Controller Bot...
2026-02-24 11:32:32 | ERROR    | __main__:create_bot:95 - Failed to create bot: 'Dispatcher' object has no attribute 'filters_factory'
2026-02-24 12:25:08 | INFO     | utils.logger:setup_logging:58 - Logging initialized
2026-02-24 12:25:08 | INFO     | __main__:create_bot:52 - Starting Telegram PC Controller Bot...
2026-02-24 12:25:08 | INFO     | __main__:create_bot:82 - Bot configured successfully
2026-02-24 12:25:08 | INFO     | __main__:on_startup:120 - Bot starting up...
2026-02-24 12:25:08 | INFO     | __main__:on_startup:125 - Database initialized
2026-02-24 12:25:08 | INFO     | __main__:setup_commands:115 - Bot commands configured
2026-02-24 12:25:08 | INFO     | __main__:on_startup:130 - Bot is ready!
2026-02-24 12:25:45 | INFO     | handlers.authorization:cmd_start:57 - User 1094318782 started the bot
2026-02-24 12:25:56 | INFO     | services.wol:wake:95 - Wake-on-LAN attempt 1/3
2026-02-24 12:25:56 | INFO     | services.wol:send_magic_packet:73 - Magic packet sent to 28::E:E::52::0:0: via 192.168.0.255:9
2026-02-24 12:26:57 | WARNING  | services.wol:verify_wake:171 - PC at 192.168.0.104 did not come online within 30s
2026-02-27 08:48:56 | INFO     | utils.logger:setup_logging:58 - Logging initialized
2026-02-27 08:48:56 | INFO     | __main__:create_bot:53 - Starting Telegram PC Controller Bot...
2026-02-27 08:48:56 | INFO     | __main__:create_bot:84 - Bot configured successfully
2026-02-27 08:48:56 | INFO     | __main__:on_startup:128 - Bot starting up...
2026-02-27 08:48:56 | INFO     | __main__:on_startup:133 - Database initialized
2026-02-27 08:48:56 | INFO     | __main__:setup_commands:123 - Bot commands configured
2026-02-27 08:48:56 | INFO     | __main__:on_startup:138 - Bot is ready!
2026-02-27 08:49:25 | INFO     | utils.logger:setup_logging:58 - Logging initialized
2026-02-27 08:49:25 | INFO     | __main__:create_bot:53 - Starting Telegram PC Controller Bot...
2026-02-27 08:49:25 | INFO     | __main__:create_bot:84 - Bot configured successfully
2026-02-27 08:49:25 | INFO     | __main__:on_startup:128 - Bot starting up...
2026-02-27 08:49:25 | INFO     | __main__:on_startup:133 - Database initialized
2026-02-27 08:49:25 | INFO     | __main__:setup_commands:123 - Bot commands configured
2026-02-27 08:49:25 | INFO     | __main__:on_startup:138 - Bot is ready!
2026-02-27 08:49:43 | INFO     | handlers.authorization:cmd_start:57 - User 1094318782 started the bot
2026-02-27 08:49:52 | ERROR    | services.pc_manager:take_screenshot:274 - All screenshot tools failed — install scrot or ImageMagick.
2026-02-27 08:50:03 | INFO     | services.dota_monitor:_ensure_hero_cache:167 - Hero cache loaded: 127 heroes.
2026-02-27 08:50:08 | INFO     | services.dota_monitor:_ensure_hero_cache:167 - Hero cache loaded: 127 heroes.
2026-02-27 08:50:11 | INFO     | services.dota_monitor:_ensure_hero_cache:167 - Hero cache loaded: 127 heroes.
2026-02-27 08:50:17 | INFO     | services.dota_monitor:_ensure_hero_cache:167 - Hero cache loaded: 127 heroes.
2026-02-27 08:51:12 | INFO     | __main__:on_shutdown:143 - Bot shutting down...
2026-02-27 08:51:12 | INFO     | __main__:on_shutdown:149 - Bot stopped
2026-02-27 08:51:17 | INFO     | utils.logger:setup_logging:58 - Logging initialized
2026-02-27 08:51:17 | INFO     | __main__:create_bot:53 - Starting Telegram PC Controller Bot...
2026-02-27 08:51:17 | INFO     | __main__:create_bot:84 - Bot configured successfully
2026-02-27 08:51:17 | INFO     | __main__:on_startup:128 - Bot starting up...
2026-02-27 08:51:17 | INFO     | __main__:on_startup:133 - Database initialized
2026-02-27 08:51:17 | INFO     | __main__:setup_commands:123 - Bot commands configured
2026-02-27 08:51:17 | INFO     | __main__:on_startup:138 - Bot is ready!
2026-02-27 08:51:21 | INFO     | services.dota_monitor:_ensure_hero_cache:167 - Hero cache loaded: 127 heroes.
2026-02-27 08:51:33 | INFO     | services.dota_monitor:_ensure_hero_cache:167 - Hero cache loaded: 127 heroes.
2026-02-27 08:51:35 | INFO     | services.dota_monitor:_ensure_hero_cache:167 - Hero cache loaded: 127 heroes.
2026-02-27 08:51:48 | INFO     | services.wol:wake:95 - Wake-on-LAN attempt 1/3
2026-02-27 08:51:48 | INFO     | services.wol:send_magic_packet:73 - Magic packet sent to 28::E:E::52::0:0: via 192.168.0.255:9
2026-02-27 08:52:04 | INFO     | __main__:on_shutdown:143 - Bot shutting down...
2026-02-27 08:52:04 | INFO     | __main__:on_shutdown:149 - Bot stopped
2026-02-27 08:52:11 | INFO     | __main__:on_shutdown:143 - Bot shutting down...
2026-02-27 08:52:11 | INFO     | __main__:on_shutdown:149 - Bot stopped
2026-02-27 08:53:35 | INFO     | utils.logger:setup_logging:58 - Logging initialized
2026-02-27 08:53:35 | INFO     | __main__:create_bot:53 - Starting Telegram PC Controller Bot...
2026-02-27 08:53:35 | INFO     | __main__:create_bot:84 - Bot configured successfully
2026-02-27 08:53:35 | INFO     | __main__:on_startup:128 - Bot starting up...
2026-02-27 08:53:35 | INFO     | __main__:on_startup:133 - Database initialized
2026-02-27 08:53:37 | INFO     | __main__:setup_commands:123 - Bot commands configured
2026-02-27 08:53:37 | INFO     | __main__:on_startup:138 - Bot is ready!
2026-02-27 08:53:47 | INFO     | services.dota_monitor:_ensure_hero_cache:167 - Hero cache loaded: 127 heroes.
2026-02-27 08:53:55 | INFO     | services.dota_monitor:_ensure_hero_cache:167 - Hero cache loaded: 127 heroes.
2026-02-27 08:53:58 | INFO     | services.dota_monitor:_ensure_hero_cache:167 - Hero cache loaded: 127 heroes.
2026-02-27 08:54:04 | INFO     | services.dota_monitor:_ensure_hero_cache:167 - Hero cache loaded: 127 heroes.
2026-02-27 08:54:17 | INFO     | __main__:on_shutdown:143 - Bot shutting down...
2026-02-27 08:54:17 | INFO     | __main__:on_shutdown:149 - Bot stopped
