2026-03-08 09:53:40,439 INFO     imoti_scraper — === imoti.bg rental scraper — 2026-03-08 (force=False, dry_run=True, update_agencies=True) ===
2026-03-08 09:53:40,442 INFO     sheets — Authenticating with Google Sheets API …
2026-03-08 09:53:40,477 INFO     sheets — Opening spreadsheet ID '1IHlQUDODPGJnDwC9Qz1MYPMo2fryHE5W0BK9svy9c6U' …
2026-03-08 09:53:43,802 INFO     sheets — Google Sheets connection established.
2026-03-08 09:53:43,803 INFO     imoti_scraper — --- Agency update mode ---
2026-03-08 09:53:43,803 INFO     imoti_scraper — Scraping agencies page 1 → https://imoti.bg/агенции/page:1
2026-03-08 09:53:48,980 INFO     imoti_scraper —   Agency page 1: 0 record(s) (0 after dedup).
2026-03-08 09:53:48,981 INFO     imoti_scraper — No agencies on page 1 — stopping.
2026-03-08 09:53:48,982 INFO     imoti_scraper — Agency list pages done — 0 unique agencies collected. Now fetching profile pages for Contact Name / Email …
2026-03-08 09:53:48,983 INFO     imoti_scraper — Total agencies fully enriched: 0
2026-03-08 09:53:48,983 WARNING  imoti_scraper — No agency records were scraped from the agencies directory.
2026-03-08 09:53:48,984 INFO     imoti_scraper — Agency update complete.
2026-03-08 09:53:49,654 INFO     sheets — Loaded 192 processed Ad IDs from sheet.
2026-03-08 09:53:50,299 INFO     sheets — Loaded 147 agency phone numbers from sheet.
2026-03-08 09:53:50,953 INFO     sheets — Loaded 151 agency names from sheet.
2026-03-08 09:53:50,954 INFO     imoti_scraper — Scraping listing page 1 → https://imoti.bg/наеми/page:1
2026-03-08 09:53:55,204 INFO     imoti_scraper —   Page 1: 10 apartment listing(s) found (10 after dedup).
2026-03-08 09:53:55,287 INFO     imoti_scraper — Scraping listing page 2 → https://imoti.bg/наеми/page:2
2026-03-08 09:53:58,558 INFO     imoti_scraper —   Page 2: 8 apartment listing(s) found (8 after dedup).
2026-03-08 09:53:58,602 INFO     imoti_scraper — Scraping listing page 3 → https://imoti.bg/наеми/page:3
2026-03-08 09:54:00,969 INFO     imoti_scraper —   Page 3: 8 apartment listing(s) found (8 after dedup).
2026-03-08 09:54:01,014 INFO     imoti_scraper — Scraping listing page 4 → https://imoti.bg/наеми/page:4
2026-03-08 09:54:05,071 INFO     imoti_scraper —   Page 4: 11 apartment listing(s) found (11 after dedup).
2026-03-08 09:54:05,139 INFO     imoti_scraper — Scraping listing page 5 → https://imoti.bg/наеми/page:5
2026-03-08 09:54:09,160 INFO     imoti_scraper —   Page 5: 10 apartment listing(s) found (10 after dedup).
2026-03-08 09:54:09,205 INFO     imoti_scraper — Scraping listing page 6 → https://imoti.bg/наеми/page:6
2026-03-08 09:54:14,101 INFO     imoti_scraper —   Page 6: 10 apartment listing(s) found (10 after dedup).
2026-03-08 09:54:14,154 INFO     imoti_scraper — Scraping listing page 7 → https://imoti.bg/наеми/page:7
2026-03-08 09:54:18,879 INFO     imoti_scraper —   Page 7: 8 apartment listing(s) found (8 after dedup).
2026-03-08 09:54:18,923 INFO     imoti_scraper — Scraping listing page 8 → https://imoti.bg/наеми/page:8
2026-03-08 09:54:19,040 INFO     imoti_scraper — === imoti.bg rental scraper — 2026-03-08 (force=False, dry_run=False, update_agencies=True) ===
2026-03-08 09:54:19,043 INFO     sheets — Authenticating with Google Sheets API …
2026-03-08 09:54:19,078 INFO     sheets — Opening spreadsheet ID '1IHlQUDODPGJnDwC9Qz1MYPMo2fryHE5W0BK9svy9c6U' …
2026-03-08 09:54:22,383 INFO     imoti_scraper —   Page 8: 10 apartment listing(s) found (10 after dedup).
2026-03-08 09:54:22,429 INFO     imoti_scraper — Scraping listing page 9 → https://imoti.bg/наеми/page:9
2026-03-08 09:54:22,557 INFO     sheets — Google Sheets connection established.
2026-03-08 09:54:22,557 INFO     imoti_scraper — --- Agency update mode ---
2026-03-08 09:54:22,558 INFO     imoti_scraper — Scraping agencies page 1 → https://imoti.bg/агенции/page:1
2026-03-08 09:54:25,022 INFO     imoti_scraper —   Page 9: 10 apartment listing(s) found (10 after dedup).
2026-03-08 09:54:25,068 INFO     imoti_scraper — Scraping listing page 10 → https://imoti.bg/наеми/page:10
2026-03-08 09:54:26,967 INFO     imoti_scraper —   Agency page 1: 0 record(s) (0 after dedup).
2026-03-08 09:54:26,968 INFO     imoti_scraper — No agencies on page 1 — stopping.
2026-03-08 09:54:26,968 INFO     imoti_scraper — Agency list pages done — 0 unique agencies collected. Now fetching profile pages for Contact Name / Email …
2026-03-08 09:54:26,969 INFO     imoti_scraper — Total agencies fully enriched: 0
2026-03-08 09:54:26,970 WARNING  imoti_scraper — No agency records were scraped from the agencies directory.
2026-03-08 09:54:26,971 INFO     imoti_scraper — Agency update complete.
2026-03-08 09:54:27,663 INFO     sheets — Loaded 192 processed Ad IDs from sheet.
2026-03-08 09:54:28,321 INFO     sheets — Loaded 147 agency phone numbers from sheet.
2026-03-08 09:54:28,983 INFO     sheets — Loaded 151 agency names from sheet.
2026-03-08 09:54:28,984 INFO     imoti_scraper — Scraping listing page 1 → https://imoti.bg/наеми/page:1
2026-03-08 09:54:29,345 INFO     imoti_scraper —   Page 10: 5 apartment listing(s) found (5 after dedup).
2026-03-08 09:54:29,385 INFO     imoti_scraper — Scraping listing page 11 → https://imoti.bg/наеми/page:11
2026-03-08 09:54:31,736 INFO     imoti_scraper —   Page 11: 6 apartment listing(s) found (6 after dedup).
2026-03-08 09:54:31,782 INFO     imoti_scraper — Scraping listing page 12 → https://imoti.bg/наеми/page:12
2026-03-08 09:54:31,870 INFO     imoti_scraper —   Page 1: 10 apartment listing(s) found (10 after dedup).
2026-03-08 09:54:31,917 INFO     imoti_scraper — Scraping listing page 2 → https://imoti.bg/наеми/page:2
2026-03-08 09:54:36,109 INFO     imoti_scraper —   Page 2: 8 apartment listing(s) found (8 after dedup).
2026-03-08 09:54:36,155 INFO     imoti_scraper — Scraping listing page 3 → https://imoti.bg/наеми/page:3
2026-03-08 09:54:36,740 INFO     imoti_scraper —   Page 12: 9 apartment listing(s) found (9 after dedup).
2026-03-08 09:54:36,787 INFO     imoti_scraper — Scraping listing page 13 → https://imoti.bg/наеми/page:13
2026-03-08 09:54:40,056 INFO     imoti_scraper —   Page 13: 6 apartment listing(s) found (6 after dedup).
2026-03-08 09:54:40,096 INFO     imoti_scraper — Scraping listing page 14 → https://imoti.bg/наеми/page:14
2026-03-08 09:54:40,946 INFO     imoti_scraper —   Page 3: 8 apartment listing(s) found (8 after dedup).
2026-03-08 09:54:40,992 INFO     imoti_scraper — Scraping listing page 4 → https://imoti.bg/наеми/page:4
2026-03-08 09:54:43,860 INFO     imoti_scraper —   Page 14: 11 apartment listing(s) found (11 after dedup).
2026-03-08 09:54:43,904 INFO     imoti_scraper — Scraping listing page 15 → https://imoti.bg/наеми/page:15
2026-03-08 09:54:44,338 INFO     imoti_scraper —   Page 4: 11 apartment listing(s) found (11 after dedup).
2026-03-08 09:54:44,397 INFO     imoti_scraper — Scraping listing page 5 → https://imoti.bg/наеми/page:5
2026-03-08 09:54:48,606 INFO     imoti_scraper —   Page 15: 7 apartment listing(s) found (7 after dedup).
2026-03-08 09:54:48,650 INFO     imoti_scraper — Scraping listing page 16 → https://imoti.bg/наеми/page:16
2026-03-08 09:54:48,765 INFO     imoti_scraper —   Page 5: 10 apartment listing(s) found (10 after dedup).
2026-03-08 09:54:48,818 INFO     imoti_scraper — Scraping listing page 6 → https://imoti.bg/наеми/page:6
2026-03-08 09:54:52,618 INFO     imoti_scraper —   Page 6: 10 apartment listing(s) found (10 after dedup).
2026-03-08 09:54:52,637 INFO     imoti_scraper —   Page 16: 7 apartment listing(s) found (7 after dedup).
2026-03-08 09:54:52,665 INFO     imoti_scraper — Scraping listing page 7 → https://imoti.bg/наеми/page:7
2026-03-08 09:54:55,606 INFO     imoti_scraper —   Page 7: 8 apartment listing(s) found (8 after dedup).
2026-03-08 09:54:55,648 INFO     imoti_scraper — Scraping listing page 8 → https://imoti.bg/наеми/page:8
2026-03-08 09:54:58,204 INFO     imoti_scraper —   Page 8: 10 apartment listing(s) found (10 after dedup).
2026-03-08 09:54:58,250 INFO     imoti_scraper — Scraping listing page 9 → https://imoti.bg/наеми/page:9
2026-03-08 09:55:01,600 INFO     imoti_scraper —   Page 9: 10 apartment listing(s) found (10 after dedup).
2026-03-08 09:55:01,647 INFO     imoti_scraper — Scraping listing page 10 → https://imoti.bg/наеми/page:10
2026-03-08 09:55:06,405 INFO     imoti_scraper —   Page 10: 5 apartment listing(s) found (5 after dedup).
2026-03-08 09:55:06,449 INFO     imoti_scraper — Scraping listing page 11 → https://imoti.bg/наеми/page:11
2026-03-08 09:55:08,892 INFO     imoti_scraper —   Page 11: 6 apartment listing(s) found (6 after dedup).
2026-03-08 09:55:08,937 INFO     imoti_scraper — Scraping listing page 12 → https://imoti.bg/наеми/page:12
2026-03-08 09:55:11,140 INFO     imoti_scraper —   Page 12: 9 apartment listing(s) found (9 after dedup).
2026-03-08 09:55:11,187 INFO     imoti_scraper — Scraping listing page 13 → https://imoti.bg/наеми/page:13
2026-03-08 09:55:15,363 INFO     imoti_scraper —   Page 13: 6 apartment listing(s) found (6 after dedup).
2026-03-08 09:55:15,412 INFO     imoti_scraper — Scraping listing page 14 → https://imoti.bg/наеми/page:14
2026-03-08 09:55:19,090 INFO     imoti_scraper —   Page 14: 11 apartment listing(s) found (11 after dedup).
2026-03-08 09:55:19,138 INFO     imoti_scraper — Scraping listing page 15 → https://imoti.bg/наеми/page:15
2026-03-08 09:55:24,032 WARNING  imoti_scraper — Request error for https://imoti.bg/наеми/page:15 (attempt 1/3): ('Connection aborted.', RemoteDisconnected('Remote end closed connection without response'))
2026-03-08 09:55:29,568 INFO     imoti_scraper —   Page 15: 7 apartment listing(s) found (7 after dedup).
2026-03-08 09:55:29,613 INFO     imoti_scraper — Scraping listing page 16 → https://imoti.bg/наеми/page:16
2026-03-08 09:55:34,624 INFO     imoti_scraper —   Page 16: 7 apartment listing(s) found (7 after dedup).
2026-03-08 09:55:34,669 INFO     imoti_scraper — Scraping listing page 17 → https://imoti.bg/наеми/page:17
2026-03-08 09:55:39,175 INFO     imoti_scraper —   Page 17: 7 apartment listing(s) found (7 after dedup).
2026-03-08 09:55:39,214 INFO     imoti_scraper — Scraping listing page 18 → https://imoti.bg/наеми/page:18
2026-03-08 09:55:43,664 INFO     imoti_scraper —   Page 18: 8 apartment listing(s) found (8 after dedup).
2026-03-08 09:55:43,707 INFO     imoti_scraper — Scraping listing page 19 → https://imoti.bg/наеми/page:19
2026-03-08 09:55:47,030 INFO     imoti_scraper —   Page 19: 3 apartment listing(s) found (3 after dedup).
2026-03-08 09:55:47,072 INFO     imoti_scraper — Scraping listing page 20 → https://imoti.bg/наеми/page:20
2026-03-08 09:55:50,069 INFO     imoti_scraper —   Page 20: 6 apartment listing(s) found (6 after dedup).
2026-03-08 09:55:50,114 INFO     imoti_scraper — Scraping listing page 21 → https://imoti.bg/наеми/page:21
2026-03-08 09:55:53,193 INFO     imoti_scraper —   Page 21: 4 apartment listing(s) found (4 after dedup).
2026-03-08 09:55:53,235 INFO     imoti_scraper — Scraping listing page 22 → https://imoti.bg/наеми/page:22
2026-03-08 09:55:55,990 INFO     imoti_scraper —   Page 22: 4 apartment listing(s) found (4 after dedup).
2026-03-08 09:55:56,032 INFO     imoti_scraper — Scraping listing page 23 → https://imoti.bg/наеми/page:23
2026-03-08 09:55:58,402 INFO     imoti_scraper —   Page 23: 4 apartment listing(s) found (4 after dedup).
2026-03-08 09:55:58,444 INFO     imoti_scraper — Scraping listing page 24 → https://imoti.bg/наеми/page:24
2026-03-08 09:56:02,487 INFO     imoti_scraper —   Page 24: 8 apartment listing(s) found (8 after dedup).
2026-03-08 09:56:02,532 INFO     imoti_scraper — Scraping listing page 25 → https://imoti.bg/наеми/page:25
2026-03-08 09:56:06,118 INFO     imoti_scraper —   Page 25: 10 apartment listing(s) found (10 after dedup).
2026-03-08 09:56:06,175 INFO     imoti_scraper — Scraping listing page 26 → https://imoti.bg/наеми/page:26
2026-03-08 09:56:09,754 INFO     imoti_scraper —   Page 26: 2 apartment listing(s) found (2 after dedup).
2026-03-08 09:56:09,791 INFO     imoti_scraper — No 'next page' link on page 26 — stopping.
2026-03-08 09:56:09,792 INFO     imoti_scraper — Total apartment listings collected: 192
2026-03-08 09:56:09,792 INFO     imoti_scraper — 192 total apartments scraped; 0 are new (not yet processed).
2026-03-08 09:56:09,793 INFO     imoti_scraper — No new listings today — nothing to do.
2026-03-08 10:53:27,441 INFO     imoti_scraper — === imoti.bg rental scraper — 2026-03-08 (force=False, dry_run=False, update_agencies=False, backfill_contacts=False) ===
2026-03-08 10:53:27,444 INFO     sheets — Authenticating with Google Sheets API …
2026-03-08 10:53:27,479 INFO     sheets — Opening spreadsheet ID '1IHlQUDODPGJnDwC9Qz1MYPMo2fryHE5W0BK9svy9c6U' …
2026-03-08 10:53:32,464 INFO     sheets — New_Ads header migrated: added columns Contact_Name, Contact_Email
2026-03-08 10:53:32,466 INFO     sheets — Google Sheets connection established.
2026-03-08 10:53:33,161 INFO     sheets — Loaded 147 agency phone numbers from sheet.
2026-03-08 10:53:33,855 INFO     sheets — Loaded 151 agency names from sheet.
2026-03-08 10:53:34,558 INFO     sheets — Loaded 151 agency contact records from sheet.
2026-03-08 10:53:35,255 INFO     sheets — Loaded 192 processed Ad IDs from sheet.
2026-03-08 10:53:35,256 INFO     imoti_scraper — Scraping listing page 1 → https://imoti.bg/наеми/page:1
2026-03-08 10:53:39,915 INFO     imoti_scraper —   Page 1: 10 apartment listing(s) found (10 after dedup).
2026-03-08 10:53:39,964 INFO     imoti_scraper — Scraping listing page 2 → https://imoti.bg/наеми/page:2
2026-03-08 10:53:42,925 INFO     imoti_scraper —   Page 2: 8 apartment listing(s) found (8 after dedup).
2026-03-08 10:53:42,971 INFO     imoti_scraper — Scraping listing page 3 → https://imoti.bg/наеми/page:3
2026-03-08 10:53:46,510 INFO     imoti_scraper —   Page 3: 8 apartment listing(s) found (8 after dedup).
2026-03-08 10:53:46,555 INFO     imoti_scraper — Scraping listing page 4 → https://imoti.bg/наеми/page:4
2026-03-08 10:53:51,672 INFO     imoti_scraper —   Page 4: 11 apartment listing(s) found (11 after dedup).
2026-03-08 10:53:51,731 INFO     imoti_scraper — Scraping listing page 5 → https://imoti.bg/наеми/page:5
2026-03-08 10:53:56,489 INFO     imoti_scraper —   Page 5: 10 apartment listing(s) found (10 after dedup).
2026-03-08 10:53:56,534 INFO     imoti_scraper — Scraping listing page 6 → https://imoti.bg/наеми/page:6
2026-03-08 10:54:00,807 INFO     imoti_scraper —   Page 6: 10 apartment listing(s) found (10 after dedup).
2026-03-08 10:54:00,854 INFO     imoti_scraper — Scraping listing page 7 → https://imoti.bg/наеми/page:7
2026-03-08 10:54:05,199 INFO     imoti_scraper —   Page 7: 8 apartment listing(s) found (8 after dedup).
2026-03-08 10:54:05,249 INFO     imoti_scraper — Scraping listing page 8 → https://imoti.bg/наеми/page:8
2026-03-08 10:54:07,868 INFO     imoti_scraper —   Page 8: 10 apartment listing(s) found (10 after dedup).
2026-03-08 10:54:07,919 INFO     imoti_scraper — Scraping listing page 9 → https://imoti.bg/наеми/page:9
2026-03-08 10:54:10,661 INFO     imoti_scraper —   Page 9: 10 apartment listing(s) found (10 after dedup).
2026-03-08 10:54:10,708 INFO     imoti_scraper — Scraping listing page 10 → https://imoti.bg/наеми/page:10
2026-03-08 10:54:14,618 INFO     imoti_scraper —   Page 10: 5 apartment listing(s) found (5 after dedup).
2026-03-08 10:54:14,659 INFO     imoti_scraper — Scraping listing page 11 → https://imoti.bg/наеми/page:11
2026-03-08 10:54:19,011 INFO     imoti_scraper —   Page 11: 6 apartment listing(s) found (6 after dedup).
2026-03-08 10:54:19,056 INFO     imoti_scraper — Scraping listing page 12 → https://imoti.bg/наеми/page:12
2026-03-08 10:54:22,956 INFO     imoti_scraper —   Page 12: 9 apartment listing(s) found (9 after dedup).
2026-03-08 10:54:23,008 INFO     imoti_scraper — Scraping listing page 13 → https://imoti.bg/наеми/page:13
2026-03-08 10:54:25,539 INFO     imoti_scraper —   Page 13: 6 apartment listing(s) found (6 after dedup).
2026-03-08 10:54:25,608 INFO     imoti_scraper — Scraping listing page 14 → https://imoti.bg/наеми/page:14
2026-03-08 10:54:29,608 INFO     imoti_scraper —   Page 14: 11 apartment listing(s) found (11 after dedup).
2026-03-08 10:54:29,661 INFO     imoti_scraper — Scraping listing page 15 → https://imoti.bg/наеми/page:15
2026-03-08 10:54:32,050 INFO     imoti_scraper —   Page 15: 7 apartment listing(s) found (7 after dedup).
2026-03-08 10:54:32,095 INFO     imoti_scraper — Scraping listing page 16 → https://imoti.bg/наеми/page:16
2026-03-08 10:54:34,871 INFO     imoti_scraper —   Page 16: 7 apartment listing(s) found (7 after dedup).
2026-03-08 10:54:34,923 INFO     imoti_scraper — Scraping listing page 17 → https://imoti.bg/наеми/page:17
2026-03-08 10:54:37,685 INFO     imoti_scraper —   Page 17: 7 apartment listing(s) found (7 after dedup).
2026-03-08 10:54:37,725 INFO     imoti_scraper — Scraping listing page 18 → https://imoti.bg/наеми/page:18
2026-03-08 10:54:41,186 INFO     imoti_scraper —   Page 18: 8 apartment listing(s) found (8 after dedup).
2026-03-08 10:54:41,247 INFO     imoti_scraper — Scraping listing page 19 → https://imoti.bg/наеми/page:19
2026-03-08 10:54:43,733 INFO     imoti_scraper —   Page 19: 3 apartment listing(s) found (3 after dedup).
2026-03-08 10:54:43,777 INFO     imoti_scraper — Scraping listing page 20 → https://imoti.bg/наеми/page:20
2026-03-08 10:54:46,075 INFO     imoti_scraper —   Page 20: 6 apartment listing(s) found (6 after dedup).
2026-03-08 10:54:46,118 INFO     imoti_scraper — Scraping listing page 21 → https://imoti.bg/наеми/page:21
2026-03-08 10:54:49,763 INFO     imoti_scraper —   Page 21: 4 apartment listing(s) found (4 after dedup).
2026-03-08 10:54:49,805 INFO     imoti_scraper — Scraping listing page 22 → https://imoti.bg/наеми/page:22
2026-03-08 10:54:53,293 INFO     imoti_scraper —   Page 22: 4 apartment listing(s) found (4 after dedup).
2026-03-08 10:54:53,338 INFO     imoti_scraper — Scraping listing page 23 → https://imoti.bg/наеми/page:23
2026-03-08 10:54:56,338 INFO     imoti_scraper —   Page 23: 4 apartment listing(s) found (4 after dedup).
2026-03-08 10:54:56,380 INFO     imoti_scraper — Scraping listing page 24 → https://imoti.bg/наеми/page:24
2026-03-08 10:55:01,606 INFO     imoti_scraper —   Page 24: 8 apartment listing(s) found (8 after dedup).
2026-03-08 10:55:01,649 INFO     imoti_scraper — Scraping listing page 25 → https://imoti.bg/наеми/page:25
2026-03-08 10:55:04,514 INFO     imoti_scraper —   Page 25: 10 apartment listing(s) found (10 after dedup).
2026-03-08 10:55:04,567 INFO     imoti_scraper — Scraping listing page 26 → https://imoti.bg/наеми/page:26
2026-03-08 10:55:07,113 INFO     imoti_scraper —   Page 26: 2 apartment listing(s) found (2 after dedup).
2026-03-08 10:55:07,149 INFO     imoti_scraper — No 'next page' link on page 26 — stopping.
2026-03-08 10:55:07,150 INFO     imoti_scraper — Total apartment listings collected: 192
2026-03-08 10:55:07,152 INFO     imoti_scraper — 192 total apartments scraped; 0 are new (not yet processed).
2026-03-08 10:55:07,153 INFO     imoti_scraper — No new listings today — nothing to do.
2026-03-08 11:00:07,491 INFO     imoti_scraper — === imoti.bg rental scraper — 2026-03-08 (force=False, dry_run=False, update_agencies=False, backfill_contacts=True) ===
2026-03-08 11:00:07,494 INFO     sheets — Authenticating with Google Sheets API …
2026-03-08 11:00:07,529 INFO     sheets — Opening spreadsheet ID '1IHlQUDODPGJnDwC9Qz1MYPMo2fryHE5W0BK9svy9c6U' …
2026-03-08 11:00:12,086 INFO     sheets — Google Sheets connection established.
2026-03-08 11:00:12,790 INFO     sheets — Loaded 147 agency phone numbers from sheet.
2026-03-08 11:00:13,501 INFO     sheets — Loaded 151 agency names from sheet.
2026-03-08 11:00:14,199 INFO     sheets — Loaded 151 agency contact records from sheet.
2026-03-08 11:00:14,200 INFO     imoti_scraper — --- Backfill contacts mode ---
2026-03-08 11:00:14,905 INFO     sheets — Loaded 192 New_Ads row(s) for backfill scan.
2026-03-08 11:01:09,806 WARNING  imoti_scraper — Request error for https://imoti.bg/наеми/двустаен-апартамент/пловдив/въстанически-514404.htm (attempt 1/3): ('Connection aborted.', RemoteDisconnected('Remote end closed connection without response'))
2026-03-08 11:05:05,717 WARNING  imoti_scraper — Request error for https://imoti.bg/наеми/двустаен-апартамент/софия/манастирски-ливади-514221.htm (attempt 1/3): ('Connection aborted.', RemoteDisconnected('Remote end closed connection without response'))
2026-03-08 11:12:13,979 WARNING  imoti_scraper — Request error for https://imoti.bg/наеми/едностаен-апартамент/пловдив/тракия-512250.htm (attempt 1/3): ('Connection aborted.', RemoteDisconnected('Remote end closed connection without response'))
2026-03-08 11:13:24,355 WARNING  imoti_scraper — Request error for https://imoti.bg/наеми/двустаен-апартамент/варна/мт-св-никола-510337.htm (attempt 1/3): ('Connection aborted.', RemoteDisconnected('Remote end closed connection without response'))
2026-03-08 11:13:48,506 INFO     sheets — Updated New_Ads contacts for 192 row(s).
2026-03-08 11:13:48,510 INFO     imoti_scraper — Backfill contacts complete. Rows updated: 192
2026-03-08 11:15:08,694 INFO     imoti_scraper — === imoti.bg rental scraper — 2026-03-08 (force=False, dry_run=False, update_agencies=False, backfill_contacts=False) ===
2026-03-08 11:15:08,696 INFO     sheets — Authenticating with Google Sheets API …
2026-03-08 11:15:08,733 INFO     sheets — Opening spreadsheet ID '1IHlQUDODPGJnDwC9Qz1MYPMo2fryHE5W0BK9svy9c6U' …
2026-03-08 11:15:12,713 INFO     sheets — Google Sheets connection established.
2026-03-08 11:15:13,412 INFO     sheets — Loaded 147 agency phone numbers from sheet.
2026-03-08 11:15:14,123 INFO     sheets — Loaded 151 agency names from sheet.
2026-03-08 11:15:14,819 INFO     sheets — Loaded 151 agency contact records from sheet.
2026-03-08 11:15:15,038 INFO     sheets — Loaded 192 processed Ad IDs from sheet.
2026-03-08 11:15:15,039 INFO     imoti_scraper — Scraping listing page 1 → https://imoti.bg/наеми/page:1
2026-03-08 11:15:18,198 INFO     imoti_scraper —   Page 1: 10 apartment listing(s) found (10 after dedup).
2026-03-08 11:15:18,246 INFO     imoti_scraper — Scraping listing page 2 → https://imoti.bg/наеми/page:2
2026-03-08 11:15:23,062 INFO     imoti_scraper —   Page 2: 8 apartment listing(s) found (8 after dedup).
2026-03-08 11:15:23,108 INFO     imoti_scraper — Scraping listing page 3 → https://imoti.bg/наеми/page:3
2026-03-08 11:15:26,358 INFO     imoti_scraper —   Page 3: 8 apartment listing(s) found (8 after dedup).
2026-03-08 11:15:26,405 INFO     imoti_scraper — Scraping listing page 4 → https://imoti.bg/наеми/page:4
2026-03-08 11:15:32,425 INFO     imoti_scraper —   Page 4: 11 apartment listing(s) found (11 after dedup).
2026-03-08 11:15:32,485 INFO     imoti_scraper — Scraping listing page 5 → https://imoti.bg/наеми/page:5
2026-03-08 11:15:36,759 INFO     imoti_scraper —   Page 5: 10 apartment listing(s) found (10 after dedup).
2026-03-08 11:15:36,804 INFO     imoti_scraper — Scraping listing page 6 → https://imoti.bg/наеми/page:6
2026-03-08 11:15:41,392 INFO     imoti_scraper —   Page 6: 10 apartment listing(s) found (10 after dedup).
2026-03-08 11:15:41,458 INFO     imoti_scraper — Scraping listing page 7 → https://imoti.bg/наеми/page:7
2026-03-08 11:15:46,879 INFO     imoti_scraper —   Page 7: 8 apartment listing(s) found (8 after dedup).
2026-03-08 11:15:46,923 INFO     imoti_scraper — Scraping listing page 8 → https://imoti.bg/наеми/page:8
2026-03-08 11:15:50,982 INFO     imoti_scraper —   Page 8: 10 apartment listing(s) found (10 after dedup).
2026-03-08 11:15:51,030 INFO     imoti_scraper — Scraping listing page 9 → https://imoti.bg/наеми/page:9
2026-03-08 11:15:54,770 INFO     imoti_scraper —   Page 9: 10 apartment listing(s) found (10 after dedup).
2026-03-08 11:15:54,818 INFO     imoti_scraper — Scraping listing page 10 → https://imoti.bg/наеми/page:10
2026-03-08 11:15:57,747 INFO     imoti_scraper —   Page 10: 5 apartment listing(s) found (5 after dedup).
2026-03-08 11:15:57,790 INFO     imoti_scraper — Scraping listing page 11 → https://imoti.bg/наеми/page:11
2026-03-08 11:16:02,796 INFO     imoti_scraper —   Page 11: 6 apartment listing(s) found (6 after dedup).
2026-03-08 11:16:02,840 INFO     imoti_scraper — Scraping listing page 12 → https://imoti.bg/наеми/page:12
2026-03-08 11:16:06,275 INFO     imoti_scraper —   Page 12: 9 apartment listing(s) found (9 after dedup).
2026-03-08 11:16:06,321 INFO     imoti_scraper — Scraping listing page 13 → https://imoti.bg/наеми/page:13
2026-03-08 11:16:10,837 INFO     imoti_scraper —   Page 13: 6 apartment listing(s) found (6 after dedup).
2026-03-08 11:16:10,878 INFO     imoti_scraper — Scraping listing page 14 → https://imoti.bg/наеми/page:14
2026-03-08 11:16:15,375 INFO     imoti_scraper —   Page 14: 11 apartment listing(s) found (11 after dedup).
2026-03-08 11:16:15,430 INFO     imoti_scraper — Scraping listing page 15 → https://imoti.bg/наеми/page:15
2026-03-08 11:16:19,068 INFO     imoti_scraper —   Page 15: 7 apartment listing(s) found (7 after dedup).
2026-03-08 11:16:19,113 INFO     imoti_scraper — Scraping listing page 16 → https://imoti.bg/наеми/page:16
2026-03-08 11:16:22,916 INFO     imoti_scraper —   Page 16: 7 apartment listing(s) found (7 after dedup).
2026-03-08 11:16:22,959 INFO     imoti_scraper — Scraping listing page 17 → https://imoti.bg/наеми/page:17
2026-03-08 11:16:27,562 INFO     imoti_scraper —   Page 17: 7 apartment listing(s) found (7 after dedup).
2026-03-08 11:16:27,606 INFO     imoti_scraper — Scraping listing page 18 → https://imoti.bg/наеми/page:18
2026-03-08 11:16:30,316 INFO     imoti_scraper —   Page 18: 8 apartment listing(s) found (8 after dedup).
2026-03-08 11:16:30,360 INFO     imoti_scraper — Scraping listing page 19 → https://imoti.bg/наеми/page:19
2026-03-08 11:16:34,682 INFO     imoti_scraper —   Page 19: 3 apartment listing(s) found (3 after dedup).
2026-03-08 11:16:34,725 INFO     imoti_scraper — Scraping listing page 20 → https://imoti.bg/наеми/page:20
2026-03-08 11:16:37,749 INFO     imoti_scraper —   Page 20: 6 apartment listing(s) found (6 after dedup).
2026-03-08 11:16:37,793 INFO     imoti_scraper — Scraping listing page 21 → https://imoti.bg/наеми/page:21
2026-03-08 11:16:40,711 INFO     imoti_scraper —   Page 21: 4 apartment listing(s) found (4 after dedup).
2026-03-08 11:16:40,750 INFO     imoti_scraper — Scraping listing page 22 → https://imoti.bg/наеми/page:22
2026-03-08 11:16:43,578 INFO     imoti_scraper —   Page 22: 4 apartment listing(s) found (4 after dedup).
2026-03-08 11:16:43,627 INFO     imoti_scraper — Scraping listing page 23 → https://imoti.bg/наеми/page:23
2026-03-08 11:16:47,005 INFO     imoti_scraper —   Page 23: 4 apartment listing(s) found (4 after dedup).
2026-03-08 11:16:47,048 INFO     imoti_scraper — Scraping listing page 24 → https://imoti.bg/наеми/page:24
2026-03-08 11:16:49,376 INFO     imoti_scraper —   Page 24: 8 apartment listing(s) found (8 after dedup).
2026-03-08 11:16:49,423 INFO     imoti_scraper — Scraping listing page 25 → https://imoti.bg/наеми/page:25
2026-03-08 11:16:53,257 INFO     imoti_scraper —   Page 25: 10 apartment listing(s) found (10 after dedup).
2026-03-08 11:16:53,312 INFO     imoti_scraper — Scraping listing page 26 → https://imoti.bg/наеми/page:26
2026-03-08 11:16:55,722 INFO     imoti_scraper —   Page 26: 2 apartment listing(s) found (2 after dedup).
2026-03-08 11:16:55,753 INFO     imoti_scraper — No 'next page' link on page 26 — stopping.
2026-03-08 11:16:55,754 INFO     imoti_scraper — Total apartment listings collected: 192
2026-03-08 11:16:55,755 INFO     imoti_scraper — 192 total apartments scraped; 0 are new (not yet processed).
2026-03-08 11:16:55,756 INFO     imoti_scraper — No new listings today — nothing to do.
2026-03-08 11:42:43,465 INFO     imoti_scraper — === imoti.bg rental scraper — 2026-03-08 (force=False, dry_run=False, update_agencies=False, backfill_contacts=False) ===
2026-03-08 11:42:43,468 INFO     sheets — Authenticating with Google Sheets API …
2026-03-08 11:42:43,504 INFO     sheets — Opening spreadsheet ID '1IHlQUDODPGJnDwC9Qz1MYPMo2fryHE5W0BK9svy9c6U' …
2026-03-08 11:42:47,968 INFO     sheets — Google Sheets connection established.
2026-03-08 11:42:48,661 INFO     sheets — Loaded 147 agency phone numbers from sheet.
2026-03-08 11:42:49,349 INFO     sheets — Loaded 151 agency names from sheet.
2026-03-08 11:42:50,044 INFO     sheets — Loaded 151 agency contact records from sheet.
2026-03-08 11:42:50,738 INFO     sheets — Loaded 192 processed Ad IDs from sheet.
2026-03-08 11:42:50,739 INFO     imoti_scraper — Scraping listing page 1 → https://imoti.bg/наеми/page:1
2026-03-08 11:43:18,950 INFO     imoti_scraper — === imoti.bg rental scraper — 2026-03-08 (force=False, dry_run=False, update_agencies=False, backfill_contacts=False) ===
2026-03-08 11:43:18,953 INFO     sheets — Authenticating with Google Sheets API …
2026-03-08 11:43:18,988 INFO     sheets — Opening spreadsheet ID '1IHlQUDODPGJnDwC9Qz1MYPMo2fryHE5W0BK9svy9c6U' …
2026-03-08 11:43:21,507 INFO     sheets — Google Sheets connection established.
2026-03-08 11:43:22,197 INFO     sheets — Loaded 147 agency phone numbers from sheet.
2026-03-08 11:43:22,432 INFO     sheets — Loaded 151 agency names from sheet.
2026-03-08 11:43:23,129 INFO     sheets — Loaded 151 agency contact records from sheet.
2026-03-08 11:43:23,355 INFO     sheets — Loaded 192 processed Ad IDs from sheet.
2026-03-08 11:43:23,355 INFO     imoti_scraper — Scraping listing page 1 → https://imoti.bg/наеми/page:1
2026-03-08 11:43:25,800 INFO     imoti_scraper —   Page 1: 10 apartment listing(s) found (10 after dedup).
2026-03-08 11:43:25,851 INFO     imoti_scraper — Scraping listing page 2 → https://imoti.bg/наеми/page:2
2026-03-08 11:43:30,784 INFO     imoti_scraper —   Page 2: 8 apartment listing(s) found (8 after dedup).
2026-03-08 11:43:30,828 INFO     imoti_scraper — Scraping listing page 3 → https://imoti.bg/наеми/page:3
2026-03-08 11:43:34,510 INFO     imoti_scraper —   Page 3: 8 apartment listing(s) found (8 after dedup).
2026-03-08 11:43:34,553 INFO     imoti_scraper — Scraping listing page 4 → https://imoti.bg/наеми/page:4
2026-03-08 11:43:38,240 INFO     imoti_scraper —   Page 4: 11 apartment listing(s) found (11 after dedup).
2026-03-08 11:43:38,299 INFO     imoti_scraper — Scraping listing page 5 → https://imoti.bg/наеми/page:5
2026-03-08 11:43:43,546 INFO     imoti_scraper —   Page 5: 10 apartment listing(s) found (10 after dedup).
2026-03-08 11:43:43,590 INFO     imoti_scraper — Scraping listing page 6 → https://imoti.bg/наеми/page:6
2026-03-08 11:43:48,025 INFO     imoti_scraper —   Page 6: 10 apartment listing(s) found (10 after dedup).
2026-03-08 11:43:48,071 INFO     imoti_scraper — Scraping listing page 7 → https://imoti.bg/наеми/page:7
2026-03-08 11:43:52,304 INFO     imoti_scraper —   Page 7: 8 apartment listing(s) found (8 after dedup).
2026-03-08 11:43:52,347 INFO     imoti_scraper — Scraping listing page 8 → https://imoti.bg/наеми/page:8
2026-03-08 11:43:56,158 INFO     imoti_scraper —   Page 8: 10 apartment listing(s) found (10 after dedup).
2026-03-08 11:43:56,212 INFO     imoti_scraper — Scraping listing page 9 → https://imoti.bg/наеми/page:9
2026-03-08 11:43:59,222 INFO     imoti_scraper —   Page 9: 10 apartment listing(s) found (10 after dedup).
2026-03-08 11:43:59,269 INFO     imoti_scraper — Scraping listing page 10 → https://imoti.bg/наеми/page:10
2026-03-08 11:44:02,070 INFO     imoti_scraper —   Page 10: 5 apartment listing(s) found (5 after dedup).
2026-03-08 11:44:02,113 INFO     imoti_scraper — Scraping listing page 11 → https://imoti.bg/наеми/page:11
2026-03-08 11:44:06,168 INFO     imoti_scraper —   Page 11: 6 apartment listing(s) found (6 after dedup).
2026-03-08 11:44:06,214 INFO     imoti_scraper — Scraping listing page 12 → https://imoti.bg/наеми/page:12
2026-03-08 11:44:08,660 INFO     imoti_scraper —   Page 12: 9 apartment listing(s) found (9 after dedup).
2026-03-08 11:44:08,706 INFO     imoti_scraper — Scraping listing page 13 → https://imoti.bg/наеми/page:13
2026-03-08 11:44:12,314 INFO     imoti_scraper —   Page 13: 6 apartment listing(s) found (6 after dedup).
2026-03-08 11:44:12,354 INFO     imoti_scraper — Scraping listing page 14 → https://imoti.bg/наеми/page:14
2026-03-08 11:44:15,520 INFO     imoti_scraper —   Page 14: 11 apartment listing(s) found (11 after dedup).
2026-03-08 11:44:15,564 INFO     imoti_scraper — Scraping listing page 15 → https://imoti.bg/наеми/page:15
2026-03-08 11:44:20,266 INFO     imoti_scraper —   Page 15: 7 apartment listing(s) found (7 after dedup).
2026-03-08 11:44:20,312 INFO     imoti_scraper — Scraping listing page 16 → https://imoti.bg/наеми/page:16
2026-03-08 11:44:22,959 INFO     imoti_scraper —   Page 16: 7 apartment listing(s) found (7 after dedup).
2026-03-08 11:44:23,003 INFO     imoti_scraper — Scraping listing page 17 → https://imoti.bg/наеми/page:17
2026-03-08 11:44:27,103 INFO     imoti_scraper —   Page 17: 7 apartment listing(s) found (7 after dedup).
2026-03-08 11:44:27,146 INFO     imoti_scraper — Scraping listing page 18 → https://imoti.bg/наеми/page:18
2026-03-08 11:44:31,896 INFO     imoti_scraper —   Page 18: 8 apartment listing(s) found (8 after dedup).
2026-03-08 11:44:31,938 INFO     imoti_scraper — Scraping listing page 19 → https://imoti.bg/наеми/page:19
2026-03-08 11:44:35,768 INFO     imoti_scraper —   Page 19: 3 apartment listing(s) found (3 after dedup).
2026-03-08 11:44:35,809 INFO     imoti_scraper — Scraping listing page 20 → https://imoti.bg/наеми/page:20
2026-03-08 11:44:40,023 INFO     imoti_scraper —   Page 20: 6 apartment listing(s) found (6 after dedup).
2026-03-08 11:44:40,070 INFO     imoti_scraper — Scraping listing page 21 → https://imoti.bg/наеми/page:21
2026-03-08 11:44:42,683 INFO     imoti_scraper —   Page 21: 4 apartment listing(s) found (4 after dedup).
2026-03-08 11:44:42,728 INFO     imoti_scraper — Scraping listing page 22 → https://imoti.bg/наеми/page:22
2026-03-08 11:44:56,605 INFO     imoti_scraper — === imoti.bg rental scraper — 2026-03-08 (force=False, dry_run=False, update_agencies=False, backfill_contacts=False) ===
2026-03-08 11:44:56,608 INFO     sheets — Authenticating with Google Sheets API …
2026-03-08 11:44:56,643 INFO     sheets — Opening spreadsheet ID '1IHlQUDODPGJnDwC9Qz1MYPMo2fryHE5W0BK9svy9c6U' …
2026-03-08 11:45:00,134 INFO     sheets — Google Sheets connection established.
2026-03-08 11:45:00,163 ERROR    imoti_scraper — Failed to connect to MySQL: 1698 (28000): Access denied for user 'root'@'localhost'
2026-03-08 11:47:59,282 INFO     imoti_scraper — === imoti.bg rental scraper — 2026-03-08 (force=False, dry_run=False, update_agencies=False, backfill_contacts=False) ===
2026-03-08 11:47:59,285 INFO     sheets — Authenticating with Google Sheets API …
2026-03-08 11:47:59,319 INFO     sheets — Opening spreadsheet ID '1IHlQUDODPGJnDwC9Qz1MYPMo2fryHE5W0BK9svy9c6U' …
2026-03-08 11:48:03,854 INFO     sheets — Google Sheets connection established.
2026-03-08 11:48:03,938 INFO     mysql_store — MySQL connected (127.0.0.1:3306/imoti)
2026-03-08 11:48:04,627 INFO     sheets — Loaded 147 agency phone numbers from sheet.
2026-03-08 11:48:05,309 INFO     sheets — Loaded 151 agency names from sheet.
2026-03-08 11:48:06,001 INFO     sheets — Loaded 151 agency contact records from sheet.
2026-03-08 11:48:06,697 INFO     sheets — Loaded 192 processed Ad IDs from sheet.
2026-03-08 11:48:06,698 INFO     imoti_scraper — Scraping listing page 1 → https://imoti.bg/наеми/page:1
2026-03-08 11:48:09,859 INFO     imoti_scraper —   Page 1: 10 apartment listing(s) found (10 after dedup).
2026-03-08 11:48:09,907 INFO     imoti_scraper — Scraping listing page 2 → https://imoti.bg/наеми/page:2
2026-03-08 11:48:12,292 INFO     imoti_scraper —   Page 2: 8 apartment listing(s) found (8 after dedup).
2026-03-08 11:48:12,336 INFO     imoti_scraper — Scraping listing page 3 → https://imoti.bg/наеми/page:3
2026-03-08 11:48:16,323 INFO     imoti_scraper —   Page 3: 8 apartment listing(s) found (8 after dedup).
2026-03-08 11:48:16,419 INFO     imoti_scraper — Scraping listing page 4 → https://imoti.bg/наеми/page:4
2026-03-08 11:48:19,845 INFO     imoti_scraper —   Page 4: 11 apartment listing(s) found (11 after dedup).
2026-03-08 11:48:19,888 INFO     imoti_scraper — Scraping listing page 5 → https://imoti.bg/наеми/page:5
2026-03-08 11:48:24,402 INFO     imoti_scraper —   Page 5: 10 apartment listing(s) found (10 after dedup).
2026-03-08 11:48:24,446 INFO     imoti_scraper — Scraping listing page 6 → https://imoti.bg/наеми/page:6
2026-03-08 11:48:28,820 INFO     imoti_scraper —   Page 6: 10 apartment listing(s) found (10 after dedup).
2026-03-08 11:48:28,868 INFO     imoti_scraper — Scraping listing page 7 → https://imoti.bg/наеми/page:7
2026-03-08 11:48:31,227 INFO     imoti_scraper —   Page 7: 8 apartment listing(s) found (8 after dedup).
2026-03-08 11:48:31,271 INFO     imoti_scraper — Scraping listing page 8 → https://imoti.bg/наеми/page:8
2026-03-08 11:48:34,451 INFO     imoti_scraper —   Page 8: 10 apartment listing(s) found (10 after dedup).
2026-03-08 11:48:34,500 INFO     imoti_scraper — Scraping listing page 9 → https://imoti.bg/наеми/page:9
2026-03-08 11:48:37,894 INFO     imoti_scraper —   Page 9: 10 apartment listing(s) found (10 after dedup).
2026-03-08 11:48:37,938 INFO     imoti_scraper — Scraping listing page 10 → https://imoti.bg/наеми/page:10
2026-03-08 11:48:43,240 INFO     imoti_scraper —   Page 10: 5 apartment listing(s) found (5 after dedup).
2026-03-08 11:48:43,281 INFO     imoti_scraper — Scraping listing page 11 → https://imoti.bg/наеми/page:11
2026-03-08 11:48:48,281 INFO     imoti_scraper —   Page 11: 6 apartment listing(s) found (6 after dedup).
2026-03-08 11:48:48,331 INFO     imoti_scraper — Scraping listing page 12 → https://imoti.bg/наеми/page:12
2026-03-08 11:48:51,256 INFO     imoti_scraper —   Page 12: 9 apartment listing(s) found (9 after dedup).
2026-03-08 11:48:51,318 INFO     imoti_scraper — Scraping listing page 13 → https://imoti.bg/наеми/page:13
2026-03-08 11:48:56,009 INFO     imoti_scraper —   Page 13: 6 apartment listing(s) found (6 after dedup).
2026-03-08 11:48:56,048 INFO     imoti_scraper — Scraping listing page 14 → https://imoti.bg/наеми/page:14
2026-03-08 11:48:59,054 INFO     imoti_scraper —   Page 14: 11 apartment listing(s) found (11 after dedup).
2026-03-08 11:48:59,096 INFO     imoti_scraper — Scraping listing page 15 → https://imoti.bg/наеми/page:15
2026-03-08 11:49:04,074 INFO     imoti_scraper —   Page 15: 7 apartment listing(s) found (7 after dedup).
2026-03-08 11:49:04,117 INFO     imoti_scraper — Scraping listing page 16 → https://imoti.bg/наеми/page:16
2026-03-08 11:49:09,082 INFO     imoti_scraper —   Page 16: 7 apartment listing(s) found (7 after dedup).
2026-03-08 11:49:09,123 INFO     imoti_scraper — Scraping listing page 17 → https://imoti.bg/наеми/page:17
2026-03-08 11:49:11,660 INFO     imoti_scraper —   Page 17: 7 apartment listing(s) found (7 after dedup).
2026-03-08 11:49:11,699 INFO     imoti_scraper — Scraping listing page 18 → https://imoti.bg/наеми/page:18
2026-03-08 11:49:16,040 INFO     imoti_scraper —   Page 18: 8 apartment listing(s) found (8 after dedup).
2026-03-08 11:49:16,082 INFO     imoti_scraper — Scraping listing page 19 → https://imoti.bg/наеми/page:19
2026-03-08 11:49:21,556 INFO     imoti_scraper —   Page 19: 3 apartment listing(s) found (3 after dedup).
2026-03-08 11:49:21,594 INFO     imoti_scraper — Scraping listing page 20 → https://imoti.bg/наеми/page:20
2026-03-08 11:49:25,733 INFO     imoti_scraper —   Page 20: 6 apartment listing(s) found (6 after dedup).
2026-03-08 11:49:25,780 INFO     imoti_scraper — Scraping listing page 21 → https://imoti.bg/наеми/page:21
2026-03-08 11:49:28,009 INFO     imoti_scraper —   Page 21: 4 apartment listing(s) found (4 after dedup).
2026-03-08 11:49:28,049 INFO     imoti_scraper — Scraping listing page 22 → https://imoti.bg/наеми/page:22
2026-03-08 11:49:31,841 INFO     imoti_scraper —   Page 22: 4 apartment listing(s) found (4 after dedup).
2026-03-08 11:49:31,881 INFO     imoti_scraper — Scraping listing page 23 → https://imoti.bg/наеми/page:23
2026-03-08 11:49:34,783 INFO     imoti_scraper —   Page 23: 4 apartment listing(s) found (4 after dedup).
2026-03-08 11:49:34,829 INFO     imoti_scraper — Scraping listing page 24 → https://imoti.bg/наеми/page:24
2026-03-08 11:49:37,919 INFO     imoti_scraper —   Page 24: 8 apartment listing(s) found (8 after dedup).
2026-03-08 11:49:37,964 INFO     imoti_scraper — Scraping listing page 25 → https://imoti.bg/наеми/page:25
2026-03-08 11:49:40,800 INFO     imoti_scraper —   Page 25: 10 apartment listing(s) found (10 after dedup).
2026-03-08 11:49:40,854 INFO     imoti_scraper — Scraping listing page 26 → https://imoti.bg/наеми/page:26
2026-03-08 11:49:45,733 WARNING  imoti_scraper — Request error for https://imoti.bg/наеми/page:26 (attempt 1/3): ('Connection aborted.', RemoteDisconnected('Remote end closed connection without response'))
2026-03-08 11:49:51,232 INFO     imoti_scraper —   Page 26: 2 apartment listing(s) found (2 after dedup).
2026-03-08 11:49:51,265 INFO     imoti_scraper — No 'next page' link on page 26 — stopping.
2026-03-08 11:49:51,266 INFO     imoti_scraper — Total apartment listings collected: 192
2026-03-08 11:49:51,266 INFO     imoti_scraper — 192 total apartments scraped; 0 are new (not yet processed).
2026-03-08 11:49:51,267 INFO     imoti_scraper — No new listings today — nothing to do.
2026-03-08 11:53:28,035 INFO     imoti_scraper — === imoti.bg rental scraper — 2026-03-08 (force=False, dry_run=False, update_agencies=False, backfill_contacts=False) ===
2026-03-08 11:53:28,038 INFO     sheets — Authenticating with Google Sheets API …
2026-03-08 11:53:28,073 INFO     sheets — Opening spreadsheet ID '1IHlQUDODPGJnDwC9Qz1MYPMo2fryHE5W0BK9svy9c6U' …
2026-03-08 11:53:31,382 INFO     sheets — Google Sheets connection established.
2026-03-08 11:53:31,411 INFO     mysql_store — MySQL connected (127.0.0.1:3306/imoti)
2026-03-08 11:53:32,122 INFO     sheets — Loaded 147 agency phone numbers from sheet.
2026-03-08 11:53:32,832 INFO     sheets — Loaded 151 agency names from sheet.
2026-03-08 11:53:33,062 INFO     sheets — Loaded 151 agency contact records from sheet.
2026-03-08 11:53:33,763 INFO     sheets — Loaded 192 processed Ad IDs from sheet.
2026-03-08 11:53:33,764 INFO     imoti_scraper — Scraping listing page 1 → https://imoti.bg/наеми/page:1
2026-03-08 11:53:36,864 INFO     imoti_scraper —   Page 1: 10 apartment listing(s) found (10 after dedup).
2026-03-08 11:53:36,913 INFO     imoti_scraper — Scraping listing page 2 → https://imoti.bg/наеми/page:2
2026-03-08 11:53:40,257 INFO     imoti_scraper —   Page 2: 8 apartment listing(s) found (8 after dedup).
2026-03-08 11:53:40,319 INFO     imoti_scraper — Scraping listing page 3 → https://imoti.bg/наеми/page:3
2026-03-08 11:53:43,667 INFO     imoti_scraper —   Page 3: 8 apartment listing(s) found (8 after dedup).
2026-03-08 11:53:43,724 INFO     imoti_scraper — Scraping listing page 4 → https://imoti.bg/наеми/page:4
2026-03-08 11:53:47,097 INFO     imoti_scraper —   Page 4: 11 apartment listing(s) found (11 after dedup).
2026-03-08 11:53:47,147 INFO     imoti_scraper — Scraping listing page 5 → https://imoti.bg/наеми/page:5
2026-03-08 11:53:52,012 INFO     imoti_scraper —   Page 5: 10 apartment listing(s) found (10 after dedup).
2026-03-08 11:53:52,057 INFO     imoti_scraper — Scraping listing page 6 → https://imoti.bg/наеми/page:6
2026-03-08 11:53:56,441 INFO     imoti_scraper —   Page 6: 10 apartment listing(s) found (10 after dedup).
2026-03-08 11:53:56,488 INFO     imoti_scraper — Scraping listing page 7 → https://imoti.bg/наеми/page:7
2026-03-08 11:53:59,687 INFO     imoti_scraper —   Page 7: 8 apartment listing(s) found (8 after dedup).
2026-03-08 11:53:59,735 INFO     imoti_scraper — Scraping listing page 8 → https://imoti.bg/наеми/page:8
2026-03-08 11:54:03,378 INFO     imoti_scraper —   Page 8: 10 apartment listing(s) found (10 after dedup).
2026-03-08 11:54:03,426 INFO     imoti_scraper — Scraping listing page 9 → https://imoti.bg/наеми/page:9
2026-03-08 11:54:07,205 INFO     imoti_scraper —   Page 9: 10 apartment listing(s) found (10 after dedup).
2026-03-08 11:54:07,251 INFO     imoti_scraper — Scraping listing page 10 → https://imoti.bg/наеми/page:10
2026-03-08 11:54:09,455 INFO     imoti_scraper —   Page 10: 5 apartment listing(s) found (5 after dedup).
2026-03-08 11:54:09,499 INFO     imoti_scraper — Scraping listing page 11 → https://imoti.bg/наеми/page:11
2026-03-08 11:54:12,393 INFO     imoti_scraper —   Page 11: 6 apartment listing(s) found (6 after dedup).
2026-03-08 11:54:12,470 INFO     imoti_scraper — Scraping listing page 12 → https://imoti.bg/наеми/page:12
2026-03-08 11:54:16,864 INFO     imoti_scraper —   Page 12: 9 apartment listing(s) found (9 after dedup).
2026-03-08 11:54:16,910 INFO     imoti_scraper — Scraping listing page 13 → https://imoti.bg/наеми/page:13
2026-03-08 11:54:22,187 INFO     imoti_scraper —   Page 13: 6 apartment listing(s) found (6 after dedup).
2026-03-08 11:54:22,228 INFO     imoti_scraper — Scraping listing page 14 → https://imoti.bg/наеми/page:14
2026-03-08 11:54:24,722 INFO     imoti_scraper —   Page 14: 11 apartment listing(s) found (11 after dedup).
2026-03-08 11:54:24,766 INFO     imoti_scraper — Scraping listing page 15 → https://imoti.bg/наеми/page:15
2026-03-08 11:54:28,636 INFO     imoti_scraper —   Page 15: 7 apartment listing(s) found (7 after dedup).
2026-03-08 11:54:28,679 INFO     imoti_scraper — Scraping listing page 16 → https://imoti.bg/наеми/page:16
2026-03-08 11:54:31,766 INFO     imoti_scraper —   Page 16: 7 apartment listing(s) found (7 after dedup).
2026-03-08 11:54:31,814 INFO     imoti_scraper — Scraping listing page 17 → https://imoti.bg/наеми/page:17
2026-03-08 11:54:36,678 INFO     imoti_scraper —   Page 17: 7 apartment listing(s) found (7 after dedup).
2026-03-08 11:54:36,741 INFO     imoti_scraper — Scraping listing page 18 → https://imoti.bg/наеми/page:18
2026-03-08 11:54:39,175 INFO     imoti_scraper —   Page 18: 8 apartment listing(s) found (8 after dedup).
2026-03-08 11:54:39,218 INFO     imoti_scraper — Scraping listing page 19 → https://imoti.bg/наеми/page:19
2026-03-08 11:54:43,811 INFO     imoti_scraper —   Page 19: 3 apartment listing(s) found (3 after dedup).
2026-03-08 11:54:43,854 INFO     imoti_scraper — Scraping listing page 20 → https://imoti.bg/наеми/page:20
2026-03-08 11:54:47,253 INFO     imoti_scraper —   Page 20: 6 apartment listing(s) found (6 after dedup).
2026-03-08 11:54:47,295 INFO     imoti_scraper — Scraping listing page 21 → https://imoti.bg/наеми/page:21
2026-03-08 11:54:51,283 INFO     imoti_scraper —   Page 21: 4 apartment listing(s) found (4 after dedup).
2026-03-08 11:54:51,323 INFO     imoti_scraper — Scraping listing page 22 → https://imoti.bg/наеми/page:22
2026-03-08 11:54:55,209 INFO     imoti_scraper —   Page 22: 4 apartment listing(s) found (4 after dedup).
2026-03-08 11:54:55,254 INFO     imoti_scraper — Scraping listing page 23 → https://imoti.bg/наеми/page:23
2026-03-08 11:54:59,925 INFO     imoti_scraper —   Page 23: 4 apartment listing(s) found (4 after dedup).
2026-03-08 11:54:59,975 INFO     imoti_scraper — Scraping listing page 24 → https://imoti.bg/наеми/page:24
2026-03-08 11:55:03,376 INFO     imoti_scraper —   Page 24: 8 apartment listing(s) found (8 after dedup).
2026-03-08 11:55:03,427 INFO     imoti_scraper — Scraping listing page 25 → https://imoti.bg/наеми/page:25
2026-03-08 11:55:06,389 INFO     imoti_scraper —   Page 25: 10 apartment listing(s) found (10 after dedup).
2026-03-08 11:55:06,441 INFO     imoti_scraper — Scraping listing page 26 → https://imoti.bg/наеми/page:26
2026-03-08 11:55:09,003 INFO     imoti_scraper —   Page 26: 2 apartment listing(s) found (2 after dedup).
2026-03-08 11:55:09,037 INFO     imoti_scraper — No 'next page' link on page 26 — stopping.
2026-03-08 11:55:09,038 INFO     imoti_scraper — Total apartment listings collected: 192
2026-03-08 11:55:09,039 INFO     imoti_scraper — 192 total apartments scraped; 0 are new (not yet processed).
2026-03-08 11:55:09,039 INFO     imoti_scraper — No new listings today — nothing to do.
